2023-02-19 18:56:13.9349|Warn|=== Inspection started === | 
2023-02-19 18:56:15.1382|Warn|### SYSTEM LOCKED FOR USERS OPERATION - ALL HOBBIT OPERATION SUSPENDED ### | 
2023-02-19 18:56:16.7226|Trace|
-------------------------------
[History operations for all accounts]
-------------------------------
 | 
2023-02-19 18:56:19.2952|Warn|=== Inspection finished  === | 
2023-02-19 18:56:19.3126|Warn|### SYSTEM UNLOCKED FOR USERS OPERATION - ALL HOBBIT OPERATION RESEUMED ### | 
2023-02-19 19:33:39.7495|Warn|=== Inspection started === | 
2023-02-19 19:33:40.3124|Warn|### SYSTEM LOCKED FOR USERS OPERATION - ALL HOBBIT OPERATION SUSPENDED ### | 
2023-02-19 19:33:40.3656|Trace|
-------------------------------
[History operations for all accounts]
-------------------------------

-------------------------------
[History operations for Barbara Tuk]:
-------------------------------
Date :01.01.0001 Operation :Deposit Ammount: 100
Date :01.01.0001 Operation :Withdraw Ammount: 50

-------------------------------
[End history]
-------------------------------


-------------------------------
[History operations for Gandalf Grey]:
-------------------------------
Date :01.01.0001 Operation :Withdraw Ammount: 10
Date :01.01.0001 Operation :Withdraw Ammount: 10
Date :01.01.0001 Operation :Withdraw Ammount: 10
Date :01.01.0001 Operation :Withdraw Ammount: 10
Date :01.01.0001 Operation :Withdraw Ammount: 10
Date :01.01.0001 Operation :Withdraw Ammount: 10
Date :01.01.0001 Operation :Withdraw Ammount: 10
Date :01.01.0001 Operation :Withdraw Ammount: 10
Date :01.01.0001 Operation :Withdraw Ammount: 10
Date :01.01.0001 Operation :Withdraw Ammount: 10
Date :01.01.0001 Operation :Withdraw Ammount: 10
Date :01.01.0001 Operation :Withdraw Ammount: 10
Date :01.01.0001 Operation :Withdraw Ammount: 10
Date :01.01.0001 Operation :Withdraw Ammount: 10
Date :01.01.0001 Operation :Withdraw Ammount: 10
Date :01.01.0001 Operation :Withdraw Ammount: 10
Date :01.01.0001 Operation :Withdraw Ammount: 10
Date :01.01.0001 Operation :Withdraw Ammount: 10
Date :01.01.0001 Operation :Withdraw Ammount: 10
Date :01.01.0001 Operation :Withdraw Ammount: 10
Date :01.01.0001 Operation :Withdraw Ammount: 10
Date :01.01.0001 Operation :Withdraw Ammount: 10
Date :01.01.0001 Operation :Withdraw Ammount: 10
Date :01.01.0001 Operation :Withdraw Ammount: 10
Date :01.01.0001 Operation :Withdraw Ammount: 10
Date :01.01.0001 Operation :Withdraw Ammount: 10
Date :01.01.0001 Operation :Withdraw Ammount: 10
Date :01.01.0001 Operation :Withdraw Ammount: 10
Date :01.01.0001 Operation :Withdraw Ammount: 10
Date :01.01.0001 Operation :Withdraw Ammount: 10
Date :01.01.0001 Operation :Withdraw Ammount: 10
Date :01.01.0001 Operation :Withdraw Ammount: 10
Date :01.01.0001 Operation :Withdraw Ammount: 10
Date :01.01.0001 Operation :Withdraw Ammount: 10
Date :01.01.0001 Operation :Withdraw Ammount: 10
Date :01.01.0001 Operation :Withdraw Ammount: 10
Date :01.01.0001 Operation :Withdraw Ammount: 10
Date :01.01.0001 Operation :Withdraw Ammount: 10
Date :01.01.0001 Operation :Withdraw Ammount: 10
Date :01.01.0001 Operation :Withdraw Ammount: 10
Date :01.01.0001 Operation :Withdraw Ammount: 10
Date :01.01.0001 Operation :Withdraw Ammount: 10
Date :01.01.0001 Operation :Withdraw Ammount: 10
Date :01.01.0001 Operation :Withdraw Ammount: 10
Date :01.01.0001 Operation :Withdraw Ammount: 10
Date :01.01.0001 Operation :Withdraw Ammount: 10
Date :01.01.0001 Operation :Withdraw Ammount: 10
Date :01.01.0001 Operation :Withdraw Ammount: 10
Date :01.01.0001 Operation :Withdraw Ammount: 10
Date :01.01.0001 Operation :Withdraw Ammount: 10
Date :01.01.0001 Operation :Withdraw Ammount: 10
Date :01.01.0001 Operation :Withdraw Ammount: 10
Date :01.01.0001 Operation :Withdraw Ammount: 10
Date :01.01.0001 Operation :Withdraw Ammount: 10
Date :01.01.0001 Operation :Withdraw Ammount: 10
Date :01.01.0001 Operation :Withdraw Ammount: 10
Date :01.01.0001 Operation :Withdraw Ammount: 10
Date :01.01.0001 Operation :Withdraw Ammount: 10
Date :01.01.0001 Operation :Withdraw Ammount: 10
Date :01.01.0001 Operation :Withdraw Ammount: 10
Date :01.01.0001 Operation :Withdraw Ammount: 10
Date :01.01.0001 Operation :Withdraw Ammount: 10
Date :01.01.0001 Operation :Withdraw Ammount: 10
Date :01.01.0001 Operation :Withdraw Ammount: 10
Date :01.01.0001 Operation :Withdraw Ammount: 10
Date :01.01.0001 Operation :Withdraw Ammount: 10
Date :01.01.0001 Operation :Withdraw Ammount: 10
Date :01.01.0001 Operation :Withdraw Ammount: 10
Date :01.01.0001 Operation :Withdraw Ammount: 10
Date :01.01.0001 Operation :Withdraw Ammount: 10
Date :01.01.0001 Operation :Withdraw Ammount: 10
Date :01.01.0001 Operation :Withdraw Ammount: 10
Date :01.01.0001 Operation :Withdraw Ammount: 10
Date :01.01.0001 Operation :Withdraw Ammount: 10
Date :01.01.0001 Operation :Withdraw Ammount: 10
Date :01.01.0001 Operation :Withdraw Ammount: 10
Date :01.01.0001 Operation :Withdraw Ammount: 10
Date :01.01.0001 Operation :Withdraw Ammount: 10
Date :01.01.0001 Operation :Withdraw Ammount: 10
Date :01.01.0001 Operation :Withdraw Ammount: 10
Date :01.01.0001 Operation :Withdraw Ammount: 10
Date :01.01.0001 Operation :Withdraw Ammount: 10
Date :01.01.0001 Operation :Withdraw Ammount: 10
Date :01.01.0001 Operation :Withdraw Ammount: 10
Date :01.01.0001 Operation :Withdraw Ammount: 10
Date :01.01.0001 Operation :Withdraw Ammount: 10
Date :01.01.0001 Operation :Withdraw Ammount: 10
Date :01.01.0001 Operation :Withdraw Ammount: 10
Date :01.01.0001 Operation :Withdraw Ammount: 10
Date :01.01.0001 Operation :Withdraw Ammount: 10
Date :01.01.0001 Operation :Withdraw Ammount: 10
Date :01.01.0001 Operation :Withdraw Ammount: 10
Date :01.01.0001 Operation :Withdraw Ammount: 10
Date :01.01.0001 Operation :Withdraw Ammount: 10
Date :01.01.0001 Operation :Withdraw Ammount: 10
Date :01.01.0001 Operation :Withdraw Ammount: 10
Date :01.01.0001 Operation :Withdraw Ammount: 10
Date :01.01.0001 Operation :Withdraw Ammount: 10
Date :01.01.0001 Operation :Deposit Ammount: 10
Date :01.01.0001 Operation :Deposit Ammount: 10
Date :01.01.0001 Operation :Deposit Ammount: 10
Date :01.01.0001 Operation :Deposit Ammount: 10
Date :01.01.0001 Operation :Deposit Ammount: 10
Date :01.01.0001 Operation :Deposit Ammount: 10
Date :01.01.0001 Operation :Deposit Ammount: 10
Date :01.01.0001 Operation :Deposit Ammount: 10
Date :01.01.0001 Operation :Deposit Ammount: 10
Date :01.01.0001 Operation :Deposit Ammount: 10
Date :01.01.0001 Operation :Deposit Ammount: 10
Date :01.01.0001 Operation :Deposit Ammount: 10
Date :01.01.0001 Operation :Deposit Ammount: 10
Date :01.01.0001 Operation :Deposit Ammount: 10
Date :01.01.0001 Operation :Deposit Ammount: 10
Date :01.01.0001 Operation :Deposit Ammount: 10
Date :01.01.0001 Operation :Deposit Ammount: 10
Date :01.01.0001 Operation :Deposit Ammount: 10
Date :01.01.0001 Operation :Deposit Ammount: 10
Date :01.01.0001 Operation :Deposit Ammount: 10
Date :01.01.0001 Operation :Deposit Ammount: 10
Date :01.01.0001 Operation :Deposit Ammount: 10
Date :01.01.0001 Operation :Deposit Ammount: 10
Date :01.01.0001 Operation :Deposit Ammount: 10
Date :01.01.0001 Operation :Deposit Ammount: 10
Date :01.01.0001 Operation :Deposit Ammount: 10
Date :01.01.0001 Operation :Deposit Ammount: 10
Date :01.01.0001 Operation :Deposit Ammount: 10
Date :01.01.0001 Operation :Deposit Ammount: 10
Date :01.01.0001 Operation :Deposit Ammount: 10
Date :01.01.0001 Operation :Deposit Ammount: 10
Date :01.01.0001 Operation :Deposit Ammount: 10
Date :01.01.0001 Operation :Deposit Ammount: 10
Date :01.01.0001 Operation :Deposit Ammount: 10
Date :01.01.0001 Operation :Deposit Ammount: 10
Date :01.01.0001 Operation :Deposit Ammount: 10
Date :01.01.0001 Operation :Deposit Ammount: 10
Date :01.01.0001 Operation :Deposit Ammount: 10
Date :01.01.0001 Operation :Deposit Ammount: 10
Date :01.01.0001 Operation :Deposit Ammount: 10
Date :01.01.0001 Operation :Deposit Ammount: 10
Date :01.01.0001 Operation :Deposit Ammount: 10
Date :01.01.0001 Operation :Deposit Ammount: 10
Date :01.01.0001 Operation :Deposit Ammount: 10
Date :01.01.0001 Operation :Deposit Ammount: 10
Date :01.01.0001 Operation :Deposit Ammount: 10
Date :01.01.0001 Operation :Deposit Ammount: 10
Date :01.01.0001 Operation :Deposit Ammount: 10
Date :01.01.0001 Operation :Deposit Ammount: 10
Date :01.01.0001 Operation :Deposit Ammount: 10
Date :01.01.0001 Operation :Deposit Ammount: 10
Date :01.01.0001 Operation :Deposit Ammount: 10
Date :01.01.0001 Operation :Deposit Ammount: 10
Date :01.01.0001 Operation :Deposit Ammount: 10
Date :01.01.0001 Operation :Deposit Ammount: 10
Date :01.01.0001 Operation :Deposit Ammount: 10
Date :01.01.0001 Operation :Deposit Ammount: 10
Date :01.01.0001 Operation :Deposit Ammount: 10
Date :01.01.0001 Operation :Deposit Ammount: 10
Date :01.01.0001 Operation :Deposit Ammount: 10
Date :01.01.0001 Operation :Deposit Ammount: 10
Date :01.01.0001 Operation :Deposit Ammount: 10
Date :01.01.0001 Operation :Deposit Ammount: 10
Date :01.01.0001 Operation :Deposit Ammount: 10
Date :01.01.0001 Operation :Deposit Ammount: 10
Date :01.01.0001 Operation :Deposit Ammount: 10
Date :01.01.0001 Operation :Deposit Ammount: 10
Date :01.01.0001 Operation :Deposit Ammount: 10
Date :01.01.0001 Operation :Deposit Ammount: 10
Date :01.01.0001 Operation :Deposit Ammount: 10
Date :01.01.0001 Operation :Deposit Ammount: 10
Date :01.01.0001 Operation :Deposit Ammount: 10
Date :01.01.0001 Operation :Deposit Ammount: 10
Date :01.01.0001 Operation :Deposit Ammount: 10
Date :01.01.0001 Operation :Deposit Ammount: 10
Date :01.01.0001 Operation :Deposit Ammount: 10
Date :01.01.0001 Operation :Deposit Ammount: 10
Date :01.01.0001 Operation :Deposit Ammount: 10
Date :01.01.0001 Operation :Deposit Ammount: 10
Date :01.01.0001 Operation :Deposit Ammount: 10
Date :01.01.0001 Operation :Deposit Ammount: 10
Date :01.01.0001 Operation :Deposit Ammount: 10
Date :01.01.0001 Operation :Deposit Ammount: 10
Date :01.01.0001 Operation :Deposit Ammount: 10
Date :01.01.0001 Operation :Deposit Ammount: 10
Date :01.01.0001 Operation :Deposit Ammount: 10
Date :01.01.0001 Operation :Deposit Ammount: 10
Date :01.01.0001 Operation :Deposit Ammount: 10
Date :01.01.0001 Operation :Deposit Ammount: 10
Date :01.01.0001 Operation :Deposit Ammount: 10
Date :01.01.0001 Operation :Deposit Ammount: 10
Date :01.01.0001 Operation :Deposit Ammount: 10
Date :01.01.0001 Operation :Deposit Ammount: 10
Date :01.01.0001 Operation :Deposit Ammount: 10
Date :01.01.0001 Operation :Deposit Ammount: 10
Date :01.01.0001 Operation :Deposit Ammount: 10
Date :01.01.0001 Operation :Deposit Ammount: 10
Date :01.01.0001 Operation :Deposit Ammount: 10
Date :01.01.0001 Operation :Deposit Ammount: 10
Date :01.01.0001 Operation :Withdraw Ammount: 10
Date :01.01.0001 Operation :Deposit Ammount: 10
Date :01.01.0001 Operation :Withdraw Ammount: 10

-------------------------------
[End history]
-------------------------------


-------------------------------
[History operations for Henrietta Baggins]:
-------------------------------
Date :01.01.0001 Operation :Deposit Ammount: 500
Date :01.01.0001 Operation :Deposit Ammount: 500
Date :01.01.0001 Operation :Deposit Ammount: 1000
Date :01.01.0001 Operation :Withdraw Ammount: 2000

-------------------------------
[End history]
-------------------------------

 | 
2023-02-19 19:35:43.1009|Warn|=== Inspection started === | 
2023-02-19 19:39:47.8492|Warn|=== Inspection started === | 
2023-02-19 19:39:52.3145|Error|Bank of shire service is currenty offline! | Grpc.Core.RpcException: Status(StatusCode="Unavailable", Detail="Error connecting to subchannel.", DebugException="System.Net.Sockets.SocketException (10061): Nie można nawiązać połączenia, ponieważ komputer docelowy aktywnie go odmawia.
   at System.Net.Sockets.Socket.AwaitableSocketAsyncEventArgs.ThrowException(SocketError error, CancellationToken cancellationToken)
   at System.Net.Sockets.Socket.AwaitableSocketAsyncEventArgs.System.Threading.Tasks.Sources.IValueTaskSource.GetResult(Int16 token)
   at System.Net.Sockets.Socket.<ConnectAsync>g__WaitForConnectWithCancellation|277_0(AwaitableSocketAsyncEventArgs saea, ValueTask connectTask, CancellationToken cancellationToken)
   at Grpc.Net.Client.Balancer.Internal.SocketConnectivitySubchannelTransport.TryConnectAsync(ConnectContext context)")
   at Grpc.Net.Client.Balancer.Internal.ConnectionManager.PickAsync(PickContext context, Boolean waitForReady, CancellationToken cancellationToken)
   at Grpc.Net.Client.Balancer.Internal.BalancerHttpHandler.SendAsync(HttpRequestMessage request, CancellationToken cancellationToken)
   at Grpc.Net.Client.Internal.GrpcCall`2.RunCall(HttpRequestMessage request, Nullable`1 timeout)
   at InspectorClient.InspectionService.StartInspection() in C:\Users\Developer\Source\Repos\smomot\bankofshire\src\shire-bank\Inspector\InspectionService.cs:line 26
   at Program.Main(String[] args) in C:\Users\Developer\Source\Repos\smomot\bankofshire\src\shire-bank\Inspector\Program.cs:line 41
2023-02-19 19:41:17.6508|Warn|=== Inspection started === | 
2023-02-19 19:41:22.1109|Warn|Bank of shire service is currenty offline! | Grpc.Core.RpcException: Status(StatusCode="Unavailable", Detail="Error connecting to subchannel.", DebugException="System.Net.Sockets.SocketException (10061): Nie można nawiązać połączenia, ponieważ komputer docelowy aktywnie go odmawia.
   at System.Net.Sockets.Socket.AwaitableSocketAsyncEventArgs.ThrowException(SocketError error, CancellationToken cancellationToken)
   at System.Net.Sockets.Socket.AwaitableSocketAsyncEventArgs.System.Threading.Tasks.Sources.IValueTaskSource.GetResult(Int16 token)
   at System.Net.Sockets.Socket.<ConnectAsync>g__WaitForConnectWithCancellation|277_0(AwaitableSocketAsyncEventArgs saea, ValueTask connectTask, CancellationToken cancellationToken)
   at Grpc.Net.Client.Balancer.Internal.SocketConnectivitySubchannelTransport.TryConnectAsync(ConnectContext context)")
   at Grpc.Net.Client.Balancer.Internal.ConnectionManager.PickAsync(PickContext context, Boolean waitForReady, CancellationToken cancellationToken)
   at Grpc.Net.Client.Balancer.Internal.BalancerHttpHandler.SendAsync(HttpRequestMessage request, CancellationToken cancellationToken)
   at Grpc.Net.Client.Internal.GrpcCall`2.RunCall(HttpRequestMessage request, Nullable`1 timeout)
   at InspectorClient.InspectionService.StartInspection() in C:\Users\Developer\Source\Repos\smomot\bankofshire\src\shire-bank\Inspector\InspectionService.cs:line 26
   at Program.Main(String[] args) in C:\Users\Developer\Source\Repos\smomot\bankofshire\src\shire-bank\Inspector\Program.cs:line 41
2023-02-19 19:42:34.1283|Warn|=== Inspection started === | 
2023-02-19 19:42:38.6608|Warn|Bank of shire service is currenty offline! | 
2023-02-19 19:43:13.6914|Warn|=== Inspection started === | 
2023-02-19 19:43:18.1051|Error|Bank of shire service is currenty offline! | 
2023-02-19 21:31:43.3181|Warn|=== Inspection started === | 
2023-02-19 21:31:44.1558|Warn|### SYSTEM LOCKED FOR USERS OPERATION - ALL HOBBIT OPERATION SUSPENDED ### | 
2023-02-19 21:31:45.1714|Trace|
-------------------------------
[History operations for all accounts]
-------------------------------
 | 
2023-02-19 21:31:49.5911|Warn|=== Inspection finished  === | 
2023-02-19 21:31:49.6122|Warn|### SYSTEM UNLOCKED FOR USERS OPERATION - ALL HOBBIT OPERATION RESEUMED ### | 
2023-02-19 21:33:03.5615|Warn|=== Inspection started === | 
2023-02-19 21:33:04.1460|Warn|### SYSTEM LOCKED FOR USERS OPERATION - ALL HOBBIT OPERATION SUSPENDED ### | 
2023-02-19 21:33:13.6299|Trace|
-------------------------------
[History operations for all accounts]
-------------------------------
 | 
2023-02-19 21:33:17.6681|Warn|=== Inspection finished  === | 
2023-02-19 21:33:17.6808|Warn|### SYSTEM UNLOCKED FOR USERS OPERATION - ALL HOBBIT OPERATION RESEUMED ### | 
2023-02-19 22:06:03.8331|Warn|=== Inspection started === | 
2023-02-19 22:06:04.9089|Warn|### SYSTEM LOCKED FOR USERS OPERATION - ALL HOBBIT OPERATIONS SUSPENDED ### | 
2023-02-19 22:06:06.4754|Trace|
-------------------------------
[History operations for all accounts]
-------------------------------
 | 
2023-02-19 22:06:07.4357|Warn|=== Inspection finished  === | 
2023-02-19 22:06:07.4357|Warn|### SYSTEM UNLOCKED FOR USERS OPERATION - ALL HOBBIT OPERATIONS RESEUMED ### | 
2023-02-19 22:28:40.7630|Warn|=== Inspection started === | 
2023-02-19 22:28:41.6384|Warn|### SYSTEM LOCKED FOR USERS OPERATION - ALL HOBBIT OPERATIONS SUSPENDED ### | 
2023-02-19 22:28:42.6440|Trace|
-------------------------------
[History operations for all accounts]
-------------------------------
 | 
2023-02-19 22:28:45.1822|Warn|=== Inspection finished  === | 
2023-02-19 22:28:45.2214|Warn|### SYSTEM UNLOCKED FOR USERS OPERATION - ALL HOBBIT OPERATIONS RESEUMED ### | 
2023-02-20 09:51:29.3217|Warn|=== Inspection started === | 
2023-02-20 09:51:30.3984|Warn|### SYSTEM LOCKED FOR USERS OPERATION - ALL HOBBIT OPERATIONS SUSPENDED ### | 
2023-02-20 09:51:30.4876|Trace|Hello 1 | 
2023-02-20 09:51:30.6943|Trace|Hello 2 | 
2023-02-20 09:51:30.9060|Trace|Hello 3 | 
2023-02-20 09:51:31.1138|Trace|Hello 4 | 
2023-02-20 09:51:31.3195|Trace|Hello 5 | 
2023-02-20 09:51:31.5355|Trace|Hello 6 | 
2023-02-20 09:51:31.7524|Trace|Hello 7 | 
2023-02-20 09:51:31.9656|Trace|Hello 8 | 
2023-02-20 09:51:32.1866|Trace|Hello 9 | 
2023-02-20 09:51:32.3998|Trace|Hello 10 | 
2023-02-20 09:51:34.2633|Warn|=== Inspection finished  === | 
2023-02-20 09:51:34.2890|Warn|### SYSTEM UNLOCKED FOR USERS OPERATION - ALL HOBBIT OPERATIONS RESEUMED ### | 
2023-02-20 11:02:20.9620|Warn|=== Inspection started === | 
2023-02-20 11:02:22.3839|Warn|### SYSTEM LOCKED FOR USERS OPERATION - ALL HOBBIT OPERATIONS SUSPENDED ### | 
2023-02-20 11:02:25.3723|Warn|=== Inspection finished  === | 
2023-02-20 11:02:25.4056|Warn|### SYSTEM UNLOCKED FOR USERS OPERATION - ALL HOBBIT OPERATIONS RESEUMED ### | 
2023-02-20 11:04:47.7670|Warn|=== Inspection started === | 
2023-02-20 11:04:48.2985|Warn|### SYSTEM LOCKED FOR USERS OPERATION - ALL HOBBIT OPERATIONS SUSPENDED ### | 
2023-02-20 11:04:48.3796|Trace| 
-------------------------------
[History operations for Henrietta Baggins]:
-------------------------------
Date :01.01.0001 Operation :Deposit Ammount: 500
Date :01.01.0001 Operation :Deposit Ammount: 500
Date :01.01.0001 Operation :Deposit Ammount: 1000
Date :01.01.0001 Operation :Withdraw Ammount: 2000

-------------------------------
[End history]
-------------------------------

 | 
2023-02-20 11:04:48.4123|Trace| 
-------------------------------
[History operations for Gandalf Grey]:
-------------------------------
Date :01.01.0001 Operation :Withdraw Ammount: 10
Date :01.01.0001 Operation :Withdraw Ammount: 10
Date :01.01.0001 Operation :Withdraw Ammount: 10
Date :01.01.0001 Operation :Withdraw Ammount: 10
Date :01.01.0001 Operation :Withdraw Ammount: 10
Date :01.01.0001 Operation :Withdraw Ammount: 10
Date :01.01.0001 Operation :Withdraw Ammount: 10
Date :01.01.0001 Operation :Withdraw Ammount: 10
Date :01.01.0001 Operation :Withdraw Ammount: 10
Date :01.01.0001 Operation :Withdraw Ammount: 10
Date :01.01.0001 Operation :Withdraw Ammount: 10
Date :01.01.0001 Operation :Withdraw Ammount: 10
Date :01.01.0001 Operation :Withdraw Ammount: 10
Date :01.01.0001 Operation :Withdraw Ammount: 10
Date :01.01.0001 Operation :Withdraw Ammount: 10
Date :01.01.0001 Operation :Withdraw Ammount: 10
Date :01.01.0001 Operation :Withdraw Ammount: 10
Date :01.01.0001 Operation :Withdraw Ammount: 10
Date :01.01.0001 Operation :Withdraw Ammount: 10
Date :01.01.0001 Operation :Withdraw Ammount: 10
Date :01.01.0001 Operation :Withdraw Ammount: 10
Date :01.01.0001 Operation :Withdraw Ammount: 10
Date :01.01.0001 Operation :Withdraw Ammount: 10
Date :01.01.0001 Operation :Withdraw Ammount: 10
Date :01.01.0001 Operation :Withdraw Ammount: 10
Date :01.01.0001 Operation :Withdraw Ammount: 10
Date :01.01.0001 Operation :Withdraw Ammount: 10
Date :01.01.0001 Operation :Withdraw Ammount: 10
Date :01.01.0001 Operation :Withdraw Ammount: 10
Date :01.01.0001 Operation :Withdraw Ammount: 10
Date :01.01.0001 Operation :Withdraw Ammount: 10
Date :01.01.0001 Operation :Withdraw Ammount: 10
Date :01.01.0001 Operation :Withdraw Ammount: 10
Date :01.01.0001 Operation :Withdraw Ammount: 10
Date :01.01.0001 Operation :Withdraw Ammount: 10
Date :01.01.0001 Operation :Withdraw Ammount: 10
Date :01.01.0001 Operation :Withdraw Ammount: 10
Date :01.01.0001 Operation :Withdraw Ammount: 10
Date :01.01.0001 Operation :Withdraw Ammount: 10
Date :01.01.0001 Operation :Withdraw Ammount: 10
Date :01.01.0001 Operation :Withdraw Ammount: 10
Date :01.01.0001 Operation :Withdraw Ammount: 10
Date :01.01.0001 Operation :Withdraw Ammount: 10
Date :01.01.0001 Operation :Withdraw Ammount: 10
Date :01.01.0001 Operation :Withdraw Ammount: 10
Date :01.01.0001 Operation :Withdraw Ammount: 10
Date :01.01.0001 Operation :Withdraw Ammount: 10
Date :01.01.0001 Operation :Withdraw Ammount: 10
Date :01.01.0001 Operation :Withdraw Ammount: 10
Date :01.01.0001 Operation :Withdraw Ammount: 10
Date :01.01.0001 Operation :Withdraw Ammount: 10
Date :01.01.0001 Operation :Withdraw Ammount: 10
Date :01.01.0001 Operation :Withdraw Ammount: 10
Date :01.01.0001 Operation :Withdraw Ammount: 10
Date :01.01.0001 Operation :Withdraw Ammount: 10
Date :01.01.0001 Operation :Withdraw Ammount: 10
Date :01.01.0001 Operation :Withdraw Ammount: 10
Date :01.01.0001 Operation :Withdraw Ammount: 10
Date :01.01.0001 Operation :Withdraw Ammount: 10
Date :01.01.0001 Operation :Withdraw Ammount: 10
Date :01.01.0001 Operation :Withdraw Ammount: 10
Date :01.01.0001 Operation :Withdraw Ammount: 10
Date :01.01.0001 Operation :Withdraw Ammount: 10
Date :01.01.0001 Operation :Withdraw Ammount: 10
Date :01.01.0001 Operation :Withdraw Ammount: 10
Date :01.01.0001 Operation :Withdraw Ammount: 10
Date :01.01.0001 Operation :Withdraw Ammount: 10
Date :01.01.0001 Operation :Withdraw Ammount: 10
Date :01.01.0001 Operation :Withdraw Ammount: 10
Date :01.01.0001 Operation :Withdraw Ammount: 10
Date :01.01.0001 Operation :Withdraw Ammount: 10
Date :01.01.0001 Operation :Withdraw Ammount: 10
Date :01.01.0001 Operation :Withdraw Ammount: 10
Date :01.01.0001 Operation :Withdraw Ammount: 10
Date :01.01.0001 Operation :Withdraw Ammount: 10
Date :01.01.0001 Operation :Withdraw Ammount: 10
Date :01.01.0001 Operation :Withdraw Ammount: 10
Date :01.01.0001 Operation :Withdraw Ammount: 10
Date :01.01.0001 Operation :Withdraw Ammount: 10
Date :01.01.0001 Operation :Withdraw Ammount: 10
Date :01.01.0001 Operation :Withdraw Ammount: 10
Date :01.01.0001 Operation :Withdraw Ammount: 10
Date :01.01.0001 Operation :Withdraw Ammount: 10
Date :01.01.0001 Operation :Withdraw Ammount: 10
Date :01.01.0001 Operation :Withdraw Ammount: 10
Date :01.01.0001 Operation :Withdraw Ammount: 10
Date :01.01.0001 Operation :Withdraw Ammount: 10
Date :01.01.0001 Operation :Withdraw Ammount: 10
Date :01.01.0001 Operation :Withdraw Ammount: 10
Date :01.01.0001 Operation :Withdraw Ammount: 10
Date :01.01.0001 Operation :Withdraw Ammount: 10
Date :01.01.0001 Operation :Withdraw Ammount: 10
Date :01.01.0001 Operation :Withdraw Ammount: 10
Date :01.01.0001 Operation :Withdraw Ammount: 10
Date :01.01.0001 Operation :Withdraw Ammount: 10
Date :01.01.0001 Operation :Withdraw Ammount: 10
Date :01.01.0001 Operation :Withdraw Ammount: 10
Date :01.01.0001 Operation :Withdraw Ammount: 10
Date :01.01.0001 Operation :Deposit Ammount: 10
Date :01.01.0001 Operation :Withdraw Ammount: 10
Date :01.01.0001 Operation :Deposit Ammount: 10
Date :01.01.0001 Operation :Withdraw Ammount: 10
Date :01.01.0001 Operation :Deposit Ammount: 10
Date :01.01.0001 Operation :Deposit Ammount: 10
Date :01.01.0001 Operation :Deposit Ammount: 10
Date :01.01.0001 Operation :Deposit Ammount: 10
Date :01.01.0001 Operation :Deposit Ammount: 10
Date :01.01.0001 Operation :Deposit Ammount: 10
Date :01.01.0001 Operation :Deposit Ammount: 10
Date :01.01.0001 Operation :Deposit Ammount: 10
Date :01.01.0001 Operation :Deposit Ammount: 10
Date :01.01.0001 Operation :Deposit Ammount: 10
Date :01.01.0001 Operation :Deposit Ammount: 10
Date :01.01.0001 Operation :Deposit Ammount: 10
Date :01.01.0001 Operation :Deposit Ammount: 10
Date :01.01.0001 Operation :Deposit Ammount: 10
Date :01.01.0001 Operation :Deposit Ammount: 10
Date :01.01.0001 Operation :Deposit Ammount: 10
Date :01.01.0001 Operation :Deposit Ammount: 10
Date :01.01.0001 Operation :Deposit Ammount: 10
Date :01.01.0001 Operation :Deposit Ammount: 10
Date :01.01.0001 Operation :Deposit Ammount: 10
Date :01.01.0001 Operation :Deposit Ammount: 10
Date :01.01.0001 Operation :Deposit Ammount: 10
Date :01.01.0001 Operation :Deposit Ammount: 10
Date :01.01.0001 Operation :Deposit Ammount: 10
Date :01.01.0001 Operation :Deposit Ammount: 10
Date :01.01.0001 Operation :Deposit Ammount: 10
Date :01.01.0001 Operation :Deposit Ammount: 10
Date :01.01.0001 Operation :Deposit Ammount: 10
Date :01.01.0001 Operation :Deposit Ammount: 10
Date :01.01.0001 Operation :Deposit Ammount: 10
Date :01.01.0001 Operation :Deposit Ammount: 10
Date :01.01.0001 Operation :Deposit Ammount: 10
Date :01.01.0001 Operation :Deposit Ammount: 10
Date :01.01.0001 Operation :Deposit Ammount: 10
Date :01.01.0001 Operation :Deposit Ammount: 10
Date :01.01.0001 Operation :Deposit Ammount: 10
Date :01.01.0001 Operation :Deposit Ammount: 10
Date :01.01.0001 Operation :Deposit Ammount: 10
Date :01.01.0001 Operation :Deposit Ammount: 10
Date :01.01.0001 Operation :Deposit Ammount: 10
Date :01.01.0001 Operation :Deposit Ammount: 10
Date :01.01.0001 Operation :Deposit Ammount: 10
Date :01.01.0001 Operation :Deposit Ammount: 10
Date :01.01.0001 Operation :Deposit Ammount: 10
Date :01.01.0001 Operation :Deposit Ammount: 10
Date :01.01.0001 Operation :Deposit Ammount: 10
Date :01.01.0001 Operation :Deposit Ammount: 10
Date :01.01.0001 Operation :Deposit Ammount: 10
Date :01.01.0001 Operation :Deposit Ammount: 10
Date :01.01.0001 Operation :Deposit Ammount: 10
Date :01.01.0001 Operation :Deposit Ammount: 10
Date :01.01.0001 Operation :Deposit Ammount: 10
Date :01.01.0001 Operation :Deposit Ammount: 10
Date :01.01.0001 Operation :Deposit Ammount: 10
Date :01.01.0001 Operation :Deposit Ammount: 10
Date :01.01.0001 Operation :Deposit Ammount: 10
Date :01.01.0001 Operation :Deposit Ammount: 10
Date :01.01.0001 Operation :Deposit Ammount: 10
Date :01.01.0001 Operation :Deposit Ammount: 10
Date :01.01.0001 Operation :Deposit Ammount: 10
Date :01.01.0001 Operation :Deposit Ammount: 10
Date :01.01.0001 Operation :Deposit Ammount: 10
Date :01.01.0001 Operation :Deposit Ammount: 10
Date :01.01.0001 Operation :Deposit Ammount: 10
Date :01.01.0001 Operation :Deposit Ammount: 10
Date :01.01.0001 Operation :Deposit Ammount: 10
Date :01.01.0001 Operation :Deposit Ammount: 10
Date :01.01.0001 Operation :Deposit Ammount: 10
Date :01.01.0001 Operation :Deposit Ammount: 10
Date :01.01.0001 Operation :Deposit Ammount: 10
Date :01.01.0001 Operation :Deposit Ammount: 10
Date :01.01.0001 Operation :Deposit Ammount: 10
Date :01.01.0001 Operation :Deposit Ammount: 10
Date :01.01.0001 Operation :Deposit Ammount: 10
Date :01.01.0001 Operation :Deposit Ammount: 10
Date :01.01.0001 Operation :Deposit Ammount: 10
Date :01.01.0001 Operation :Deposit Ammount: 10
Date :01.01.0001 Operation :Deposit Ammount: 10
Date :01.01.0001 Operation :Deposit Ammount: 10
Date :01.01.0001 Operation :Deposit Ammount: 10
Date :01.01.0001 Operation :Deposit Ammount: 10
Date :01.01.0001 Operation :Deposit Ammount: 10
Date :01.01.0001 Operation :Deposit Ammount: 10
Date :01.01.0001 Operation :Deposit Ammount: 10
Date :01.01.0001 Operation :Deposit Ammount: 10
Date :01.01.0001 Operation :Deposit Ammount: 10
Date :01.01.0001 Operation :Deposit Ammount: 10
Date :01.01.0001 Operation :Deposit Ammount: 10
Date :01.01.0001 Operation :Deposit Ammount: 10
Date :01.01.0001 Operation :Deposit Ammount: 10
Date :01.01.0001 Operation :Deposit Ammount: 10
Date :01.01.0001 Operation :Deposit Ammount: 10
Date :01.01.0001 Operation :Deposit Ammount: 10
Date :01.01.0001 Operation :Deposit Ammount: 10
Date :01.01.0001 Operation :Deposit Ammount: 10
Date :01.01.0001 Operation :Deposit Ammount: 10
Date :01.01.0001 Operation :Deposit Ammount: 10
Date :01.01.0001 Operation :Deposit Ammount: 10

-------------------------------
[End history]
-------------------------------

 | 
2023-02-20 11:04:48.4582|Trace| 
-------------------------------
[History operations for Barbara Tuk]:
-------------------------------
Date :01.01.0001 Operation :Deposit Ammount: 100
Date :01.01.0001 Operation :Withdraw Ammount: 50

-------------------------------
[End history]
-------------------------------

 | 
2023-02-20 11:12:14.6315|Warn|=== Inspection started === | 
2023-02-20 11:12:15.2677|Warn|### SYSTEM LOCKED FOR USERS OPERATION - ALL HOBBIT OPERATIONS SUSPENDED ### | 
2023-02-20 11:12:15.3564|Trace| 
-------------------------------
[History operations for Gandalf Grey]:
-------------------------------
Date :01.01.0001 Operation :Withdraw Ammount: 10
Date :01.01.0001 Operation :Withdraw Ammount: 10
Date :01.01.0001 Operation :Withdraw Ammount: 10
Date :01.01.0001 Operation :Withdraw Ammount: 10
Date :01.01.0001 Operation :Withdraw Ammount: 10
Date :01.01.0001 Operation :Withdraw Ammount: 10
Date :01.01.0001 Operation :Withdraw Ammount: 10
Date :01.01.0001 Operation :Withdraw Ammount: 10
Date :01.01.0001 Operation :Withdraw Ammount: 10
Date :01.01.0001 Operation :Withdraw Ammount: 10
Date :01.01.0001 Operation :Withdraw Ammount: 10
Date :01.01.0001 Operation :Withdraw Ammount: 10
Date :01.01.0001 Operation :Withdraw Ammount: 10
Date :01.01.0001 Operation :Withdraw Ammount: 10
Date :01.01.0001 Operation :Withdraw Ammount: 10
Date :01.01.0001 Operation :Withdraw Ammount: 10
Date :01.01.0001 Operation :Withdraw Ammount: 10
Date :01.01.0001 Operation :Withdraw Ammount: 10
Date :01.01.0001 Operation :Withdraw Ammount: 10
Date :01.01.0001 Operation :Withdraw Ammount: 10
Date :01.01.0001 Operation :Withdraw Ammount: 10
Date :01.01.0001 Operation :Withdraw Ammount: 10
Date :01.01.0001 Operation :Withdraw Ammount: 10
Date :01.01.0001 Operation :Withdraw Ammount: 10
Date :01.01.0001 Operation :Withdraw Ammount: 10
Date :01.01.0001 Operation :Withdraw Ammount: 10
Date :01.01.0001 Operation :Withdraw Ammount: 10
Date :01.01.0001 Operation :Withdraw Ammount: 10
Date :01.01.0001 Operation :Withdraw Ammount: 10
Date :01.01.0001 Operation :Withdraw Ammount: 10
Date :01.01.0001 Operation :Withdraw Ammount: 10
Date :01.01.0001 Operation :Withdraw Ammount: 10
Date :01.01.0001 Operation :Withdraw Ammount: 10
Date :01.01.0001 Operation :Withdraw Ammount: 10
Date :01.01.0001 Operation :Withdraw Ammount: 10
Date :01.01.0001 Operation :Withdraw Ammount: 10
Date :01.01.0001 Operation :Withdraw Ammount: 10
Date :01.01.0001 Operation :Withdraw Ammount: 10
Date :01.01.0001 Operation :Withdraw Ammount: 10
Date :01.01.0001 Operation :Withdraw Ammount: 10
Date :01.01.0001 Operation :Withdraw Ammount: 10
Date :01.01.0001 Operation :Withdraw Ammount: 10
Date :01.01.0001 Operation :Withdraw Ammount: 10
Date :01.01.0001 Operation :Withdraw Ammount: 10
Date :01.01.0001 Operation :Withdraw Ammount: 10
Date :01.01.0001 Operation :Withdraw Ammount: 10
Date :01.01.0001 Operation :Withdraw Ammount: 10
Date :01.01.0001 Operation :Withdraw Ammount: 10
Date :01.01.0001 Operation :Withdraw Ammount: 10
Date :01.01.0001 Operation :Withdraw Ammount: 10
Date :01.01.0001 Operation :Withdraw Ammount: 10
Date :01.01.0001 Operation :Withdraw Ammount: 10
Date :01.01.0001 Operation :Withdraw Ammount: 10
Date :01.01.0001 Operation :Withdraw Ammount: 10
Date :01.01.0001 Operation :Withdraw Ammount: 10
Date :01.01.0001 Operation :Withdraw Ammount: 10
Date :01.01.0001 Operation :Withdraw Ammount: 10
Date :01.01.0001 Operation :Withdraw Ammount: 10
Date :01.01.0001 Operation :Withdraw Ammount: 10
Date :01.01.0001 Operation :Withdraw Ammount: 10
Date :01.01.0001 Operation :Withdraw Ammount: 10
Date :01.01.0001 Operation :Withdraw Ammount: 10
Date :01.01.0001 Operation :Withdraw Ammount: 10
Date :01.01.0001 Operation :Withdraw Ammount: 10
Date :01.01.0001 Operation :Withdraw Ammount: 10
Date :01.01.0001 Operation :Withdraw Ammount: 10
Date :01.01.0001 Operation :Withdraw Ammount: 10
Date :01.01.0001 Operation :Withdraw Ammount: 10
Date :01.01.0001 Operation :Withdraw Ammount: 10
Date :01.01.0001 Operation :Withdraw Ammount: 10
Date :01.01.0001 Operation :Withdraw Ammount: 10
Date :01.01.0001 Operation :Withdraw Ammount: 10
Date :01.01.0001 Operation :Withdraw Ammount: 10
Date :01.01.0001 Operation :Withdraw Ammount: 10
Date :01.01.0001 Operation :Withdraw Ammount: 10
Date :01.01.0001 Operation :Withdraw Ammount: 10
Date :01.01.0001 Operation :Withdraw Ammount: 10
Date :01.01.0001 Operation :Withdraw Ammount: 10
Date :01.01.0001 Operation :Withdraw Ammount: 10
Date :01.01.0001 Operation :Deposit Ammount: 10
Date :01.01.0001 Operation :Deposit Ammount: 10
Date :01.01.0001 Operation :Deposit Ammount: 10
Date :01.01.0001 Operation :Deposit Ammount: 10
Date :01.01.0001 Operation :Deposit Ammount: 10
Date :01.01.0001 Operation :Deposit Ammount: 10
Date :01.01.0001 Operation :Deposit Ammount: 10
Date :01.01.0001 Operation :Deposit Ammount: 10
Date :01.01.0001 Operation :Deposit Ammount: 10
Date :01.01.0001 Operation :Deposit Ammount: 10
Date :01.01.0001 Operation :Deposit Ammount: 10
Date :01.01.0001 Operation :Deposit Ammount: 10
Date :01.01.0001 Operation :Deposit Ammount: 10
Date :01.01.0001 Operation :Deposit Ammount: 10
Date :01.01.0001 Operation :Deposit Ammount: 10
Date :01.01.0001 Operation :Deposit Ammount: 10
Date :01.01.0001 Operation :Deposit Ammount: 10
Date :01.01.0001 Operation :Deposit Ammount: 10
Date :01.01.0001 Operation :Withdraw Ammount: 10
Date :01.01.0001 Operation :Deposit Ammount: 10
Date :01.01.0001 Operation :Withdraw Ammount: 10
Date :01.01.0001 Operation :Deposit Ammount: 10
Date :01.01.0001 Operation :Withdraw Ammount: 10
Date :01.01.0001 Operation :Withdraw Ammount: 10
Date :01.01.0001 Operation :Withdraw Ammount: 10
Date :01.01.0001 Operation :Withdraw Ammount: 10
Date :01.01.0001 Operation :Withdraw Ammount: 10
Date :01.01.0001 Operation :Withdraw Ammount: 10
Date :01.01.0001 Operation :Withdraw Ammount: 10
Date :01.01.0001 Operation :Withdraw Ammount: 10
Date :01.01.0001 Operation :Withdraw Ammount: 10
Date :01.01.0001 Operation :Withdraw Ammount: 10
Date :01.01.0001 Operation :Withdraw Ammount: 10
Date :01.01.0001 Operation :Withdraw Ammount: 10
Date :01.01.0001 Operation :Withdraw Ammount: 10
Date :01.01.0001 Operation :Withdraw Ammount: 10
Date :01.01.0001 Operation :Withdraw Ammount: 10
Date :01.01.0001 Operation :Withdraw Ammount: 10
Date :01.01.0001 Operation :Withdraw Ammount: 10
Date :01.01.0001 Operation :Deposit Ammount: 10
Date :01.01.0001 Operation :Deposit Ammount: 10
Date :01.01.0001 Operation :Deposit Ammount: 10
Date :01.01.0001 Operation :Deposit Ammount: 10
Date :01.01.0001 Operation :Deposit Ammount: 10
Date :01.01.0001 Operation :Deposit Ammount: 10
Date :01.01.0001 Operation :Deposit Ammount: 10
Date :01.01.0001 Operation :Deposit Ammount: 10
Date :01.01.0001 Operation :Deposit Ammount: 10
Date :01.01.0001 Operation :Deposit Ammount: 10
Date :01.01.0001 Operation :Deposit Ammount: 10
Date :01.01.0001 Operation :Deposit Ammount: 10
Date :01.01.0001 Operation :Deposit Ammount: 10
Date :01.01.0001 Operation :Deposit Ammount: 10
Date :01.01.0001 Operation :Deposit Ammount: 10
Date :01.01.0001 Operation :Deposit Ammount: 10
Date :01.01.0001 Operation :Deposit Ammount: 10
Date :01.01.0001 Operation :Deposit Ammount: 10
Date :01.01.0001 Operation :Deposit Ammount: 10
Date :01.01.0001 Operation :Deposit Ammount: 10
Date :01.01.0001 Operation :Deposit Ammount: 10
Date :01.01.0001 Operation :Deposit Ammount: 10
Date :01.01.0001 Operation :Deposit Ammount: 10
Date :01.01.0001 Operation :Deposit Ammount: 10
Date :01.01.0001 Operation :Deposit Ammount: 10
Date :01.01.0001 Operation :Deposit Ammount: 10
Date :01.01.0001 Operation :Deposit Ammount: 10
Date :01.01.0001 Operation :Deposit Ammount: 10
Date :01.01.0001 Operation :Deposit Ammount: 10
Date :01.01.0001 Operation :Deposit Ammount: 10
Date :01.01.0001 Operation :Deposit Ammount: 10
Date :01.01.0001 Operation :Deposit Ammount: 10
Date :01.01.0001 Operation :Deposit Ammount: 10
Date :01.01.0001 Operation :Deposit Ammount: 10
Date :01.01.0001 Operation :Deposit Ammount: 10
Date :01.01.0001 Operation :Deposit Ammount: 10
Date :01.01.0001 Operation :Deposit Ammount: 10
Date :01.01.0001 Operation :Deposit Ammount: 10
Date :01.01.0001 Operation :Deposit Ammount: 10
Date :01.01.0001 Operation :Deposit Ammount: 10
Date :01.01.0001 Operation :Deposit Ammount: 10
Date :01.01.0001 Operation :Deposit Ammount: 10
Date :01.01.0001 Operation :Deposit Ammount: 10
Date :01.01.0001 Operation :Deposit Ammount: 10
Date :01.01.0001 Operation :Deposit Ammount: 10
Date :01.01.0001 Operation :Deposit Ammount: 10
Date :01.01.0001 Operation :Deposit Ammount: 10
Date :01.01.0001 Operation :Deposit Ammount: 10
Date :01.01.0001 Operation :Deposit Ammount: 10
Date :01.01.0001 Operation :Withdraw Ammount: 10
Date :01.01.0001 Operation :Deposit Ammount: 10
Date :01.01.0001 Operation :Deposit Ammount: 10
Date :01.01.0001 Operation :Deposit Ammount: 10
Date :01.01.0001 Operation :Deposit Ammount: 10
Date :01.01.0001 Operation :Deposit Ammount: 10
Date :01.01.0001 Operation :Deposit Ammount: 10
Date :01.01.0001 Operation :Deposit Ammount: 10
Date :01.01.0001 Operation :Deposit Ammount: 10
Date :01.01.0001 Operation :Deposit Ammount: 10
Date :01.01.0001 Operation :Deposit Ammount: 10
Date :01.01.0001 Operation :Deposit Ammount: 10
Date :01.01.0001 Operation :Deposit Ammount: 10
Date :01.01.0001 Operation :Deposit Ammount: 10
Date :01.01.0001 Operation :Deposit Ammount: 10
Date :01.01.0001 Operation :Deposit Ammount: 10
Date :01.01.0001 Operation :Deposit Ammount: 10
Date :01.01.0001 Operation :Deposit Ammount: 10
Date :01.01.0001 Operation :Deposit Ammount: 10
Date :01.01.0001 Operation :Deposit Ammount: 10
Date :01.01.0001 Operation :Deposit Ammount: 10
Date :01.01.0001 Operation :Deposit Ammount: 10
Date :01.01.0001 Operation :Deposit Ammount: 10
Date :01.01.0001 Operation :Deposit Ammount: 10
Date :01.01.0001 Operation :Deposit Ammount: 10
Date :01.01.0001 Operation :Deposit Ammount: 10
Date :01.01.0001 Operation :Deposit Ammount: 10
Date :01.01.0001 Operation :Deposit Ammount: 10
Date :01.01.0001 Operation :Deposit Ammount: 10
Date :01.01.0001 Operation :Deposit Ammount: 10
Date :01.01.0001 Operation :Withdraw Ammount: 10
Date :01.01.0001 Operation :Deposit Ammount: 10
Date :01.01.0001 Operation :Deposit Ammount: 10

-------------------------------
[End history]
-------------------------------

 | 
2023-02-20 11:12:15.4674|Trace| 
-------------------------------
[History operations for Barbara Tuk]:
-------------------------------
Date :01.01.0001 Operation :Deposit Ammount: 100
Date :01.01.0001 Operation :Withdraw Ammount: 50

-------------------------------
[End history]
-------------------------------

 | 
2023-02-20 11:12:15.5777|Trace| 
-------------------------------
[History operations for Henrietta Baggins]:
-------------------------------
Date :01.01.0001 Operation :Deposit Ammount: 500
Date :01.01.0001 Operation :Deposit Ammount: 500
Date :01.01.0001 Operation :Deposit Ammount: 1000
Date :01.01.0001 Operation :Withdraw Ammount: 2000

-------------------------------
[End history]
-------------------------------

 | 
2023-02-20 11:12:29.4434|Warn|=== Inspection finished  === | 
2023-02-20 11:12:29.4873|Warn|### SYSTEM UNLOCKED FOR USERS OPERATION - ALL HOBBIT OPERATIONS RESEUMED ### | 
2023-02-20 11:13:10.5197|Warn|=== Inspection started === | 
2023-02-20 11:13:11.0217|Warn|### SYSTEM LOCKED FOR USERS OPERATION - ALL HOBBIT OPERATIONS SUSPENDED ### | 
2023-02-20 11:13:14.5602|Trace| 
-------------------------------
[History operations for Gandalf Grey]:
-------------------------------
Date :01.01.0001 Operation :Withdraw Ammount: 10
Date :01.01.0001 Operation :Withdraw Ammount: 10
Date :01.01.0001 Operation :Withdraw Ammount: 10
Date :01.01.0001 Operation :Withdraw Ammount: 10
Date :01.01.0001 Operation :Withdraw Ammount: 10
Date :01.01.0001 Operation :Withdraw Ammount: 10
Date :01.01.0001 Operation :Withdraw Ammount: 10
Date :01.01.0001 Operation :Withdraw Ammount: 10
Date :01.01.0001 Operation :Withdraw Ammount: 10
Date :01.01.0001 Operation :Withdraw Ammount: 10
Date :01.01.0001 Operation :Withdraw Ammount: 10
Date :01.01.0001 Operation :Withdraw Ammount: 10
Date :01.01.0001 Operation :Withdraw Ammount: 10
Date :01.01.0001 Operation :Withdraw Ammount: 10
Date :01.01.0001 Operation :Withdraw Ammount: 10
Date :01.01.0001 Operation :Withdraw Ammount: 10
Date :01.01.0001 Operation :Withdraw Ammount: 10
Date :01.01.0001 Operation :Withdraw Ammount: 10
Date :01.01.0001 Operation :Withdraw Ammount: 10
Date :01.01.0001 Operation :Withdraw Ammount: 10
Date :01.01.0001 Operation :Withdraw Ammount: 10
Date :01.01.0001 Operation :Withdraw Ammount: 10
Date :01.01.0001 Operation :Withdraw Ammount: 10
Date :01.01.0001 Operation :Withdraw Ammount: 10
Date :01.01.0001 Operation :Withdraw Ammount: 10
Date :01.01.0001 Operation :Withdraw Ammount: 10
Date :01.01.0001 Operation :Withdraw Ammount: 10
Date :01.01.0001 Operation :Withdraw Ammount: 10
Date :01.01.0001 Operation :Withdraw Ammount: 10
Date :01.01.0001 Operation :Withdraw Ammount: 10
Date :01.01.0001 Operation :Withdraw Ammount: 10
Date :01.01.0001 Operation :Withdraw Ammount: 10
Date :01.01.0001 Operation :Withdraw Ammount: 10
Date :01.01.0001 Operation :Withdraw Ammount: 10
Date :01.01.0001 Operation :Withdraw Ammount: 10
Date :01.01.0001 Operation :Withdraw Ammount: 10
Date :01.01.0001 Operation :Withdraw Ammount: 10
Date :01.01.0001 Operation :Withdraw Ammount: 10
Date :01.01.0001 Operation :Withdraw Ammount: 10
Date :01.01.0001 Operation :Withdraw Ammount: 10
Date :01.01.0001 Operation :Withdraw Ammount: 10
Date :01.01.0001 Operation :Withdraw Ammount: 10
Date :01.01.0001 Operation :Withdraw Ammount: 10
Date :01.01.0001 Operation :Withdraw Ammount: 10
Date :01.01.0001 Operation :Withdraw Ammount: 10
Date :01.01.0001 Operation :Withdraw Ammount: 10
Date :01.01.0001 Operation :Withdraw Ammount: 10
Date :01.01.0001 Operation :Withdraw Ammount: 10
Date :01.01.0001 Operation :Withdraw Ammount: 10
Date :01.01.0001 Operation :Withdraw Ammount: 10
Date :01.01.0001 Operation :Withdraw Ammount: 10
Date :01.01.0001 Operation :Withdraw Ammount: 10
Date :01.01.0001 Operation :Withdraw Ammount: 10
Date :01.01.0001 Operation :Withdraw Ammount: 10
Date :01.01.0001 Operation :Withdraw Ammount: 10
Date :01.01.0001 Operation :Withdraw Ammount: 10
Date :01.01.0001 Operation :Withdraw Ammount: 10
Date :01.01.0001 Operation :Withdraw Ammount: 10
Date :01.01.0001 Operation :Withdraw Ammount: 10
Date :01.01.0001 Operation :Withdraw Ammount: 10
Date :01.01.0001 Operation :Withdraw Ammount: 10
Date :01.01.0001 Operation :Withdraw Ammount: 10
Date :01.01.0001 Operation :Withdraw Ammount: 10
Date :01.01.0001 Operation :Withdraw Ammount: 10
Date :01.01.0001 Operation :Withdraw Ammount: 10
Date :01.01.0001 Operation :Withdraw Ammount: 10
Date :01.01.0001 Operation :Withdraw Ammount: 10
Date :01.01.0001 Operation :Withdraw Ammount: 10
Date :01.01.0001 Operation :Withdraw Ammount: 10
Date :01.01.0001 Operation :Withdraw Ammount: 10
Date :01.01.0001 Operation :Withdraw Ammount: 10
Date :01.01.0001 Operation :Withdraw Ammount: 10
Date :01.01.0001 Operation :Withdraw Ammount: 10
Date :01.01.0001 Operation :Withdraw Ammount: 10
Date :01.01.0001 Operation :Withdraw Ammount: 10
Date :01.01.0001 Operation :Withdraw Ammount: 10
Date :01.01.0001 Operation :Withdraw Ammount: 10
Date :01.01.0001 Operation :Withdraw Ammount: 10
Date :01.01.0001 Operation :Withdraw Ammount: 10
Date :01.01.0001 Operation :Deposit Ammount: 10
Date :01.01.0001 Operation :Deposit Ammount: 10
Date :01.01.0001 Operation :Deposit Ammount: 10
Date :01.01.0001 Operation :Deposit Ammount: 10
Date :01.01.0001 Operation :Deposit Ammount: 10
Date :01.01.0001 Operation :Deposit Ammount: 10
Date :01.01.0001 Operation :Deposit Ammount: 10
Date :01.01.0001 Operation :Deposit Ammount: 10
Date :01.01.0001 Operation :Deposit Ammount: 10
Date :01.01.0001 Operation :Deposit Ammount: 10
Date :01.01.0001 Operation :Deposit Ammount: 10
Date :01.01.0001 Operation :Deposit Ammount: 10
Date :01.01.0001 Operation :Deposit Ammount: 10
Date :01.01.0001 Operation :Deposit Ammount: 10
Date :01.01.0001 Operation :Deposit Ammount: 10
Date :01.01.0001 Operation :Deposit Ammount: 10
Date :01.01.0001 Operation :Deposit Ammount: 10
Date :01.01.0001 Operation :Deposit Ammount: 10
Date :01.01.0001 Operation :Withdraw Ammount: 10
Date :01.01.0001 Operation :Deposit Ammount: 10
Date :01.01.0001 Operation :Withdraw Ammount: 10
Date :01.01.0001 Operation :Deposit Ammount: 10
Date :01.01.0001 Operation :Withdraw Ammount: 10
Date :01.01.0001 Operation :Withdraw Ammount: 10
Date :01.01.0001 Operation :Withdraw Ammount: 10
Date :01.01.0001 Operation :Withdraw Ammount: 10
Date :01.01.0001 Operation :Withdraw Ammount: 10
Date :01.01.0001 Operation :Withdraw Ammount: 10
Date :01.01.0001 Operation :Withdraw Ammount: 10
Date :01.01.0001 Operation :Withdraw Ammount: 10
Date :01.01.0001 Operation :Withdraw Ammount: 10
Date :01.01.0001 Operation :Withdraw Ammount: 10
Date :01.01.0001 Operation :Withdraw Ammount: 10
Date :01.01.0001 Operation :Withdraw Ammount: 10
Date :01.01.0001 Operation :Withdraw Ammount: 10
Date :01.01.0001 Operation :Withdraw Ammount: 10
Date :01.01.0001 Operation :Withdraw Ammount: 10
Date :01.01.0001 Operation :Withdraw Ammount: 10
Date :01.01.0001 Operation :Withdraw Ammount: 10
Date :01.01.0001 Operation :Deposit Ammount: 10
Date :01.01.0001 Operation :Deposit Ammount: 10
Date :01.01.0001 Operation :Deposit Ammount: 10
Date :01.01.0001 Operation :Deposit Ammount: 10
Date :01.01.0001 Operation :Deposit Ammount: 10
Date :01.01.0001 Operation :Deposit Ammount: 10
Date :01.01.0001 Operation :Deposit Ammount: 10
Date :01.01.0001 Operation :Deposit Ammount: 10
Date :01.01.0001 Operation :Deposit Ammount: 10
Date :01.01.0001 Operation :Deposit Ammount: 10
Date :01.01.0001 Operation :Deposit Ammount: 10
Date :01.01.0001 Operation :Deposit Ammount: 10
Date :01.01.0001 Operation :Deposit Ammount: 10
Date :01.01.0001 Operation :Deposit Ammount: 10
Date :01.01.0001 Operation :Deposit Ammount: 10
Date :01.01.0001 Operation :Deposit Ammount: 10
Date :01.01.0001 Operation :Deposit Ammount: 10
Date :01.01.0001 Operation :Deposit Ammount: 10
Date :01.01.0001 Operation :Deposit Ammount: 10
Date :01.01.0001 Operation :Deposit Ammount: 10
Date :01.01.0001 Operation :Deposit Ammount: 10
Date :01.01.0001 Operation :Deposit Ammount: 10
Date :01.01.0001 Operation :Deposit Ammount: 10
Date :01.01.0001 Operation :Deposit Ammount: 10
Date :01.01.0001 Operation :Deposit Ammount: 10
Date :01.01.0001 Operation :Deposit Ammount: 10
Date :01.01.0001 Operation :Deposit Ammount: 10
Date :01.01.0001 Operation :Deposit Ammount: 10
Date :01.01.0001 Operation :Deposit Ammount: 10
Date :01.01.0001 Operation :Deposit Ammount: 10
Date :01.01.0001 Operation :Deposit Ammount: 10
Date :01.01.0001 Operation :Deposit Ammount: 10
Date :01.01.0001 Operation :Deposit Ammount: 10
Date :01.01.0001 Operation :Deposit Ammount: 10
Date :01.01.0001 Operation :Deposit Ammount: 10
Date :01.01.0001 Operation :Deposit Ammount: 10
Date :01.01.0001 Operation :Deposit Ammount: 10
Date :01.01.0001 Operation :Deposit Ammount: 10
Date :01.01.0001 Operation :Deposit Ammount: 10
Date :01.01.0001 Operation :Deposit Ammount: 10
Date :01.01.0001 Operation :Deposit Ammount: 10
Date :01.01.0001 Operation :Deposit Ammount: 10
Date :01.01.0001 Operation :Deposit Ammount: 10
Date :01.01.0001 Operation :Deposit Ammount: 10
Date :01.01.0001 Operation :Deposit Ammount: 10
Date :01.01.0001 Operation :Deposit Ammount: 10
Date :01.01.0001 Operation :Deposit Ammount: 10
Date :01.01.0001 Operation :Deposit Ammount: 10
Date :01.01.0001 Operation :Deposit Ammount: 10
Date :01.01.0001 Operation :Withdraw Ammount: 10
Date :01.01.0001 Operation :Deposit Ammount: 10
Date :01.01.0001 Operation :Deposit Ammount: 10
Date :01.01.0001 Operation :Deposit Ammount: 10
Date :01.01.0001 Operation :Deposit Ammount: 10
Date :01.01.0001 Operation :Deposit Ammount: 10
Date :01.01.0001 Operation :Deposit Ammount: 10
Date :01.01.0001 Operation :Deposit Ammount: 10
Date :01.01.0001 Operation :Deposit Ammount: 10
Date :01.01.0001 Operation :Deposit Ammount: 10
Date :01.01.0001 Operation :Deposit Ammount: 10
Date :01.01.0001 Operation :Deposit Ammount: 10
Date :01.01.0001 Operation :Deposit Ammount: 10
Date :01.01.0001 Operation :Deposit Ammount: 10
Date :01.01.0001 Operation :Deposit Ammount: 10
Date :01.01.0001 Operation :Deposit Ammount: 10
Date :01.01.0001 Operation :Deposit Ammount: 10
Date :01.01.0001 Operation :Deposit Ammount: 10
Date :01.01.0001 Operation :Deposit Ammount: 10
Date :01.01.0001 Operation :Deposit Ammount: 10
Date :01.01.0001 Operation :Deposit Ammount: 10
Date :01.01.0001 Operation :Deposit Ammount: 10
Date :01.01.0001 Operation :Deposit Ammount: 10
Date :01.01.0001 Operation :Deposit Ammount: 10
Date :01.01.0001 Operation :Deposit Ammount: 10
Date :01.01.0001 Operation :Deposit Ammount: 10
Date :01.01.0001 Operation :Deposit Ammount: 10
Date :01.01.0001 Operation :Deposit Ammount: 10
Date :01.01.0001 Operation :Deposit Ammount: 10
Date :01.01.0001 Operation :Deposit Ammount: 10
Date :01.01.0001 Operation :Withdraw Ammount: 10
Date :01.01.0001 Operation :Deposit Ammount: 10
Date :01.01.0001 Operation :Deposit Ammount: 10

-------------------------------
[End history]
-------------------------------

 | 
2023-02-20 11:13:45.9934|Trace| 
-------------------------------
[History operations for Barbara Tuk]:
-------------------------------
Date :01.01.0001 Operation :Deposit Ammount: 100
Date :01.01.0001 Operation :Withdraw Ammount: 50

-------------------------------
[End history]
-------------------------------

 | 
2023-02-20 11:13:47.4732|Trace| 
-------------------------------
[History operations for Henrietta Baggins]:
-------------------------------
Date :01.01.0001 Operation :Deposit Ammount: 500
Date :01.01.0001 Operation :Deposit Ammount: 500
Date :01.01.0001 Operation :Deposit Ammount: 1000
Date :01.01.0001 Operation :Withdraw Ammount: 2000

-------------------------------
[End history]
-------------------------------

 | 
